# HELP go_gc_duration_seconds A summary of the wall-time pause (stop-the-world) duration in garbage collection cycles.
# TYPE go_gc_duration_seconds summary
go_gc_duration_seconds{quantile="0"} 3.2046e-05
go_gc_duration_seconds{quantile="0.25"} 4.6656e-05
go_gc_duration_seconds{quantile="0.5"} 5.162e-05
go_gc_duration_seconds{quantile="0.75"} 7.5046e-05
go_gc_duration_seconds{quantile="1"} 0.000495611
go_gc_duration_seconds_sum 0.006790933
go_gc_duration_seconds_count 89
# HELP go_gc_gogc_percent Heap size target percentage configured by the user, otherwise 100. This value is set by the GOGC environment variable, and the runtime/debug.SetGCPercent function. Sourced from /gc/gogc:percent
# TYPE go_gc_gogc_percent gauge
go_gc_gogc_percent 100
# HELP go_gc_gomemlimit_bytes Go runtime memory limit configured by the user, otherwise math.MaxInt64. This value is set by the GOMEMLIMIT environment variable, and the runtime/debug.SetMemoryLimit function. Sourced from /gc/gomemlimit:bytes
# TYPE go_gc_gomemlimit_bytes gauge
go_gc_gomemlimit_bytes 9.223372036854776e+18
# HELP go_goroutines Number of goroutines that currently exist.
# TYPE go_goroutines gauge
go_goroutines 8
# HELP go_info Information about the Go environment.
# TYPE go_info gauge
go_info{version="go1.23.7"} 1
# HELP go_memstats_alloc_bytes Number of bytes allocated in heap and currently in use. Equals to /memory/classes/heap/objects:bytes.
# TYPE go_memstats_alloc_bytes gauge
go_memstats_alloc_bytes 2.8772e+06
# HELP go_memstats_alloc_bytes_total Total number of bytes allocated in heap until now, even if released already. Equals to /gc/heap/allocs:bytes.
# TYPE go_memstats_alloc_bytes_total counter
go_memstats_alloc_bytes_total 1.58290656e+08
# HELP go_memstats_buck_hash_sys_bytes Number of bytes used by the profiling bucket hash table. Equals to /memory/classes/profiling/buckets:bytes.
# TYPE go_memstats_buck_hash_sys_bytes gauge
go_memstats_buck_hash_sys_bytes 1.479792e+06
# HELP go_memstats_frees_total Total number of heap objects frees. Equals to /gc/heap/frees:objects + /gc/heap/tiny/allocs:objects.
# TYPE go_memstats_frees_total counter
go_memstats_frees_total 1.531327e+06
# HELP go_memstats_gc_sys_bytes Number of bytes used for garbage collection system metadata. Equals to /memory/classes/metadata/other:bytes.
# TYPE go_memstats_gc_sys_bytes gauge
go_memstats_gc_sys_bytes 3.136696e+06
# HELP go_memstats_heap_alloc_bytes Number of heap bytes allocated and currently in use, same as go_memstats_alloc_bytes. Equals to /memory/classes/heap/objects:bytes.
# TYPE go_memstats_heap_alloc_bytes gauge
go_memstats_heap_alloc_bytes 2.8772e+06
# HELP go_memstats_heap_idle_bytes Number of heap bytes waiting to be used. Equals to /memory/classes/heap/released:bytes + /memory/classes/heap/free:bytes.
# TYPE go_memstats_heap_idle_bytes gauge
go_memstats_heap_idle_bytes 3.60448e+06
# HELP go_memstats_heap_inuse_bytes Number of heap bytes that are in use. Equals to /memory/classes/heap/objects:bytes + /memory/classes/heap/unused:bytes
# TYPE go_memstats_heap_inuse_bytes gauge
go_memstats_heap_inuse_bytes 4.276224e+06
# HELP go_memstats_heap_objects Number of currently allocated objects. Equals to /gc/heap/objects:objects.
# TYPE go_memstats_heap_objects gauge
go_memstats_heap_objects 17694
# HELP go_memstats_heap_released_bytes Number of heap bytes released to OS. Equals to /memory/classes/heap/released:bytes.
# TYPE go_memstats_heap_released_bytes gauge
go_memstats_heap_released_bytes 3.260416e+06
# HELP go_memstats_heap_sys_bytes Number of heap bytes obtained from system. Equals to /memory/classes/heap/objects:bytes + /memory/classes/heap/unused:bytes + /memory/classes/heap/released:bytes + /memory/classes/heap/free:bytes.
# TYPE go_memstats_heap_sys_bytes gauge
go_memstats_heap_sys_bytes 7.880704e+06
# HELP go_memstats_last_gc_time_seconds Number of seconds since 1970 of last garbage collection.
# TYPE go_memstats_last_gc_time_seconds gauge
go_memstats_last_gc_time_seconds 1.7565932606819057e+09
# HELP go_memstats_mallocs_total Total number of heap objects allocated, both live and gc-ed. Semantically a counter version for go_memstats_heap_objects gauge. Equals to /gc/heap/allocs:objects + /gc/heap/tiny/allocs:objects.
# TYPE go_memstats_mallocs_total counter
go_memstats_mallocs_total 1.549021e+06
# HELP go_memstats_mcache_inuse_bytes Number of bytes in use by mcache structures. Equals to /memory/classes/metadata/mcache/inuse:bytes.
# TYPE go_memstats_mcache_inuse_bytes gauge
go_memstats_mcache_inuse_bytes 1200
# HELP go_memstats_mcache_sys_bytes Number of bytes used for mcache structures obtained from system. Equals to /memory/classes/metadata/mcache/inuse:bytes + /memory/classes/metadata/mcache/free:bytes.
# TYPE go_memstats_mcache_sys_bytes gauge
go_memstats_mcache_sys_bytes 15600
# HELP go_memstats_mspan_inuse_bytes Number of bytes in use by mspan structures. Equals to /memory/classes/metadata/mspan/inuse:bytes.
# TYPE go_memstats_mspan_inuse_bytes gauge
go_memstats_mspan_inuse_bytes 63840
# HELP go_memstats_mspan_sys_bytes Number of bytes used for mspan structures obtained from system. Equals to /memory/classes/metadata/mspan/inuse:bytes + /memory/classes/metadata/mspan/free:bytes.
# TYPE go_memstats_mspan_sys_bytes gauge
go_memstats_mspan_sys_bytes 81600
# HELP go_memstats_next_gc_bytes Number of heap bytes when next garbage collection will take place. Equals to /gc/heap/goal:bytes.
# TYPE go_memstats_next_gc_bytes gauge
go_memstats_next_gc_bytes 4.338672e+06
# HELP go_memstats_other_sys_bytes Number of bytes used for other system allocations. Equals to /memory/classes/other:bytes.
# TYPE go_memstats_other_sys_bytes gauge
go_memstats_other_sys_bytes 895024
# HELP go_memstats_stack_inuse_bytes Number of bytes obtained from system for stack allocator in non-CGO environments. Equals to /memory/classes/heap/stacks:bytes.
# TYPE go_memstats_stack_inuse_bytes gauge
go_memstats_stack_inuse_bytes 491520
# HELP go_memstats_stack_sys_bytes Number of bytes obtained from system for stack allocator. Equals to /memory/classes/heap/stacks:bytes + /memory/classes/os-stacks:bytes.
# TYPE go_memstats_stack_sys_bytes gauge
go_memstats_stack_sys_bytes 491520
# HELP go_memstats_sys_bytes Number of bytes obtained from system. Equals to /memory/classes/total:byte.
# TYPE go_memstats_sys_bytes gauge
go_memstats_sys_bytes 1.3980936e+07
# HELP go_sched_gomaxprocs_threads The current runtime.GOMAXPROCS setting, or the number of operating system threads that can execute user-level Go code simultaneously. Sourced from /sched/gomaxprocs:threads
# TYPE go_sched_gomaxprocs_threads gauge
go_sched_gomaxprocs_threads 1
# HELP go_threads Number of OS threads created.
# TYPE go_threads gauge
go_threads 5
# HELP node_arp_entries ARP entries by device
# TYPE node_arp_entries gauge
node_arp_entries{device="ens160"} 2
# HELP node_boot_time_seconds Node boot time, in unixtime.
# TYPE node_boot_time_seconds gauge
node_boot_time_seconds 1.756544406e+09
# HELP node_context_switches_total Total number of context switches.
# TYPE node_context_switches_total counter
node_context_switches_total 1.4924212e+07
# HELP node_cooling_device_cur_state Current throttle state of the cooling device
# TYPE node_cooling_device_cur_state gauge
node_cooling_device_cur_state{name="0",type="Processor"} 0
node_cooling_device_cur_state{name="1",type="Processor"} 0
node_cooling_device_cur_state{name="2",type="Processor"} 0
node_cooling_device_cur_state{name="3",type="Processor"} 0
# HELP node_cooling_device_max_state Maximum throttle state of the cooling device
# TYPE node_cooling_device_max_state gauge
node_cooling_device_max_state{name="0",type="Processor"} 7
node_cooling_device_max_state{name="1",type="Processor"} 7
node_cooling_device_max_state{name="2",type="Processor"} 7
node_cooling_device_max_state{name="3",type="Processor"} 7
# HELP node_cpu_guest_seconds_total Seconds the CPUs spent in guests (VMs) for each mode.
# TYPE node_cpu_guest_seconds_total counter
node_cpu_guest_seconds_total{cpu="0",mode="nice"} 0
node_cpu_guest_seconds_total{cpu="0",mode="user"} 0
node_cpu_guest_seconds_total{cpu="1",mode="nice"} 0
node_cpu_guest_seconds_total{cpu="1",mode="user"} 0
node_cpu_guest_seconds_total{cpu="2",mode="nice"} 0
node_cpu_guest_seconds_total{cpu="2",mode="user"} 0
node_cpu_guest_seconds_total{cpu="3",mode="nice"} 0
node_cpu_guest_seconds_total{cpu="3",mode="user"} 0
# HELP node_cpu_seconds_total Seconds the CPUs spent in each mode.
# TYPE node_cpu_seconds_total counter
node_cpu_seconds_total{cpu="0",mode="idle"} 48631.91
node_cpu_seconds_total{cpu="0",mode="iowait"} 8.35
node_cpu_seconds_total{cpu="0",mode="irq"} 0
node_cpu_seconds_total{cpu="0",mode="nice"} 2.42
node_cpu_seconds_total{cpu="0",mode="softirq"} 5.29
node_cpu_seconds_total{cpu="0",mode="steal"} 0
node_cpu_seconds_total{cpu="0",mode="system"} 86.22
node_cpu_seconds_total{cpu="0",mode="user"} 66.6
node_cpu_seconds_total{cpu="1",mode="idle"} 48530.78
node_cpu_seconds_total{cpu="1",mode="iowait"} 13.34
node_cpu_seconds_total{cpu="1",mode="irq"} 0
node_cpu_seconds_total{cpu="1",mode="nice"} 0
node_cpu_seconds_total{cpu="1",mode="softirq"} 8.86
node_cpu_seconds_total{cpu="1",mode="steal"} 0
node_cpu_seconds_total{cpu="1",mode="system"} 102.53
node_cpu_seconds_total{cpu="1",mode="user"} 75.61
node_cpu_seconds_total{cpu="2",mode="idle"} 48548.48
node_cpu_seconds_total{cpu="2",mode="iowait"} 8.04
node_cpu_seconds_total{cpu="2",mode="irq"} 0
node_cpu_seconds_total{cpu="2",mode="nice"} 2.44
node_cpu_seconds_total{cpu="2",mode="softirq"} 5.24
node_cpu_seconds_total{cpu="2",mode="steal"} 0
node_cpu_seconds_total{cpu="2",mode="system"} 118.51
node_cpu_seconds_total{cpu="2",mode="user"} 84.47
node_cpu_seconds_total{cpu="3",mode="idle"} 48543.23
node_cpu_seconds_total{cpu="3",mode="iowait"} 7.3
node_cpu_seconds_total{cpu="3",mode="irq"} 0
node_cpu_seconds_total{cpu="3",mode="nice"} 0
node_cpu_seconds_total{cpu="3",mode="softirq"} 4.69
node_cpu_seconds_total{cpu="3",mode="steal"} 0
node_cpu_seconds_total{cpu="3",mode="system"} 88.53
node_cpu_seconds_total{cpu="3",mode="user"} 137.43
# HELP node_disk_discard_time_seconds_total This is the total number of seconds spent by all discards.
# TYPE node_disk_discard_time_seconds_total counter
node_disk_discard_time_seconds_total{device="sda"} 0
node_disk_discard_time_seconds_total{device="sdb"} 0
node_disk_discard_time_seconds_total{device="sr0"} 0
# HELP node_disk_discarded_sectors_total The total number of sectors discarded successfully.
# TYPE node_disk_discarded_sectors_total counter
node_disk_discarded_sectors_total{device="sda"} 0
node_disk_discarded_sectors_total{device="sdb"} 0
node_disk_discarded_sectors_total{device="sr0"} 0
# HELP node_disk_discards_completed_total The total number of discards completed successfully.
# TYPE node_disk_discards_completed_total counter
node_disk_discards_completed_total{device="sda"} 0
node_disk_discards_completed_total{device="sdb"} 0
node_disk_discards_completed_total{device="sr0"} 0
# HELP node_disk_discards_merged_total The total number of discards merged.
# TYPE node_disk_discards_merged_total counter
node_disk_discards_merged_total{device="sda"} 0
node_disk_discards_merged_total{device="sdb"} 0
node_disk_discards_merged_total{device="sr0"} 0
# HELP node_disk_flush_requests_time_seconds_total This is the total number of seconds spent by all flush requests.
# TYPE node_disk_flush_requests_time_seconds_total counter
node_disk_flush_requests_time_seconds_total{device="sda"} 0
node_disk_flush_requests_time_seconds_total{device="sdb"} 0
node_disk_flush_requests_time_seconds_total{device="sr0"} 0
# HELP node_disk_flush_requests_total The total number of flush requests completed successfully
# TYPE node_disk_flush_requests_total counter
node_disk_flush_requests_total{device="sda"} 0
node_disk_flush_requests_total{device="sdb"} 0
node_disk_flush_requests_total{device="sr0"} 0
# HELP node_disk_info Info of /sys/block/<block_device>.
# TYPE node_disk_info gauge
node_disk_info{device="sda",major="8",minor="0",model="",path="",revision="",rotational="0",serial="",wwn=""} 1
node_disk_info{device="sdb",major="8",minor="16",model="",path="",revision="",rotational="0",serial="",wwn=""} 1
node_disk_info{device="sr0",major="11",minor="0",model="",path="",revision="",rotational="1",serial="",wwn=""} 1
# HELP node_disk_io_now The number of I/Os currently in progress.
# TYPE node_disk_io_now gauge
node_disk_io_now{device="sda"} 0
node_disk_io_now{device="sdb"} 0
node_disk_io_now{device="sr0"} 0
# HELP node_disk_io_time_seconds_total Total seconds spent doing I/Os.
# TYPE node_disk_io_time_seconds_total counter
node_disk_io_time_seconds_total{device="sda"} 20.064
node_disk_io_time_seconds_total{device="sdb"} 103.428
node_disk_io_time_seconds_total{device="sr0"} 0.016
# HELP node_disk_io_time_weighted_seconds_total The weighted # of seconds spent doing I/Os.
# TYPE node_disk_io_time_weighted_seconds_total counter
node_disk_io_time_weighted_seconds_total{device="sda"} 15.581
node_disk_io_time_weighted_seconds_total{device="sdb"} 428.786
node_disk_io_time_weighted_seconds_total{device="sr0"} 0
# HELP node_disk_read_bytes_total The total number of bytes read successfully.
# TYPE node_disk_read_bytes_total counter
node_disk_read_bytes_total{device="sda"} 6.4567808e+08
node_disk_read_bytes_total{device="sdb"} 7.06651136e+08
node_disk_read_bytes_total{device="sr0"} 1536
# HELP node_disk_read_time_seconds_total The total number of seconds spent by all reads.
# TYPE node_disk_read_time_seconds_total counter
node_disk_read_time_seconds_total{device="sda"} 11.954
node_disk_read_time_seconds_total{device="sdb"} 8.805
node_disk_read_time_seconds_total{device="sr0"} 0
# HELP node_disk_reads_completed_total The total number of reads completed successfully.
# TYPE node_disk_reads_completed_total counter
node_disk_reads_completed_total{device="sda"} 41095
node_disk_reads_completed_total{device="sdb"} 25745
node_disk_reads_completed_total{device="sr0"} 9
# HELP node_disk_reads_merged_total The total number of reads merged.
# TYPE node_disk_reads_merged_total counter
node_disk_reads_merged_total{device="sda"} 23496
node_disk_reads_merged_total{device="sdb"} 10128
node_disk_reads_merged_total{device="sr0"} 0
# HELP node_disk_write_time_seconds_total This is the total number of seconds spent by all writes.
# TYPE node_disk_write_time_seconds_total counter
node_disk_write_time_seconds_total{device="sda"} 3.626
node_disk_write_time_seconds_total{device="sdb"} 419.981
node_disk_write_time_seconds_total{device="sr0"} 0
# HELP node_disk_writes_completed_total The total number of writes completed successfully.
# TYPE node_disk_writes_completed_total counter
node_disk_writes_completed_total{device="sda"} 1775
node_disk_writes_completed_total{device="sdb"} 950793
node_disk_writes_completed_total{device="sr0"} 0
# HELP node_disk_writes_merged_total The number of writes merged.
# TYPE node_disk_writes_merged_total counter
node_disk_writes_merged_total{device="sda"} 3113
node_disk_writes_merged_total{device="sdb"} 176201
node_disk_writes_merged_total{device="sr0"} 0
# HELP node_disk_written_bytes_total The total number of bytes written successfully.
# TYPE node_disk_written_bytes_total counter
node_disk_written_bytes_total{device="sda"} 8.0543744e+07
node_disk_written_bytes_total{device="sdb"} 8.35571712e+09
node_disk_written_bytes_total{device="sr0"} 0
# HELP node_dmi_info A metric with a constant '1' value labeled by bios_date, bios_release, bios_vendor, bios_version, board_asset_tag, board_name, board_serial, board_vendor, board_version, chassis_asset_tag, chassis_serial, chassis_vendor, chassis_version, product_family, product_name, product_serial, product_sku, product_uuid, product_version, system_vendor if provided by DMI.
# TYPE node_dmi_info gauge
node_dmi_info{bios_date="04/05/2016",bios_release="4.6",bios_vendor="Phoenix Technologies LTD",bios_version="6.00",board_asset_tag="",board_name="440BX Desktop Reference Platform",board_vendor="Intel Corporation",board_version="None",chassis_asset_tag="No Asset Tag",chassis_vendor="No Enclosure",chassis_version="N/A",product_family="",product_name="VMware Virtual Platform",product_sku="",product_version="None",system_vendor="VMware, Inc."} 1
# HELP node_entropy_available_bits Bits of available entropy.
# TYPE node_entropy_available_bits gauge
node_entropy_available_bits 256
# HELP node_entropy_pool_size_bits Bits of entropy pool.
# TYPE node_entropy_pool_size_bits gauge
node_entropy_pool_size_bits 256
# HELP node_exporter_build_info A metric with a constant '1' value labeled by version, revision, branch, goversion from which node_exporter was built, and the goos and goarch for the build.
# TYPE node_exporter_build_info gauge
node_exporter_build_info{branch="HEAD",goarch="amd64",goos="linux",goversion="go1.23.7",revision="f2ec547b49af53815038a50265aa2adcd1275959",tags="unknown",version="1.9.1"} 1
# HELP node_filefd_allocated File descriptor statistics: allocated.
# TYPE node_filefd_allocated gauge
node_filefd_allocated 1952
# HELP node_filefd_maximum File descriptor statistics: maximum.
# TYPE node_filefd_maximum gauge
node_filefd_maximum 9.223372036854776e+18
# HELP node_filesystem_avail_bytes Filesystem space available to non-root users in bytes.
# TYPE node_filesystem_avail_bytes gauge
node_filesystem_avail_bytes{device="/dev/sda1",device_error="",fstype="ext4",mountpoint="/"} 2.898681856e+09
node_filesystem_avail_bytes{device="/dev/sdb1",device_error="",fstype="ext4",mountpoint="/home"} 2.1734649856e+10
node_filesystem_avail_bytes{device="/dev/sdb1",device_error="",fstype="ext4",mountpoint="/sdb"} 2.1734649856e+10
node_filesystem_avail_bytes{device="/dev/sdb1",device_error="",fstype="ext4",mountpoint="/var"} 2.1734649856e+10
node_filesystem_avail_bytes{device="none",device_error="",fstype="ramfs",mountpoint="/run/credentials/systemd-sysusers.service"} 0
node_filesystem_avail_bytes{device="tmpfs",device_error="",fstype="tmpfs",mountpoint="/run"} 4.0900608e+08
node_filesystem_avail_bytes{device="tmpfs",device_error="",fstype="tmpfs",mountpoint="/run/lock"} 5.24288e+06
node_filesystem_avail_bytes{device="tmpfs",device_error="",fstype="tmpfs",mountpoint="/run/user/1000"} 4.10136576e+08
# HELP node_filesystem_device_error Whether an error occurred while getting statistics for the given device.
# TYPE node_filesystem_device_error gauge
node_filesystem_device_error{device="/dev/sda1",device_error="",fstype="ext4",mountpoint="/"} 0
node_filesystem_device_error{device="/dev/sdb1",device_error="",fstype="ext4",mountpoint="/home"} 0
node_filesystem_device_error{device="/dev/sdb1",device_error="",fstype="ext4",mountpoint="/sdb"} 0
node_filesystem_device_error{device="/dev/sdb1",device_error="",fstype="ext4",mountpoint="/var"} 0
node_filesystem_device_error{device="none",device_error="",fstype="ramfs",mountpoint="/run/credentials/systemd-sysusers.service"} 0
node_filesystem_device_error{device="tmpfs",device_error="",fstype="tmpfs",mountpoint="/run"} 0
node_filesystem_device_error{device="tmpfs",device_error="",fstype="tmpfs",mountpoint="/run/lock"} 0
node_filesystem_device_error{device="tmpfs",device_error="",fstype="tmpfs",mountpoint="/run/user/1000"} 0
# HELP node_filesystem_files Filesystem total file nodes.
# TYPE node_filesystem_files gauge
node_filesystem_files{device="/dev/sda1",device_error="",fstype="ext4",mountpoint="/"} 1.048576e+06
node_filesystem_files{device="/dev/sdb1",device_error="",fstype="ext4",mountpoint="/home"} 3.2768e+06
node_filesystem_files{device="/dev/sdb1",device_error="",fstype="ext4",mountpoint="/sdb"} 3.2768e+06
node_filesystem_files{device="/dev/sdb1",device_error="",fstype="ext4",mountpoint="/var"} 3.2768e+06
node_filesystem_files{device="none",device_error="",fstype="ramfs",mountpoint="/run/credentials/systemd-sysusers.service"} 0
node_filesystem_files{device="tmpfs",device_error="",fstype="tmpfs",mountpoint="/run"} 500658
node_filesystem_files{device="tmpfs",device_error="",fstype="tmpfs",mountpoint="/run/lock"} 500658
node_filesystem_files{device="tmpfs",device_error="",fstype="tmpfs",mountpoint="/run/user/1000"} 100131
# HELP node_filesystem_files_free Filesystem total free file nodes.
# TYPE node_filesystem_files_free gauge
node_filesystem_files_free{device="/dev/sda1",device_error="",fstype="ext4",mountpoint="/"} 619379
node_filesystem_files_free{device="/dev/sdb1",device_error="",fstype="ext4",mountpoint="/home"} 3.076821e+06
node_filesystem_files_free{device="/dev/sdb1",device_error="",fstype="ext4",mountpoint="/sdb"} 3.076821e+06
node_filesystem_files_free{device="/dev/sdb1",device_error="",fstype="ext4",mountpoint="/var"} 3.076821e+06
node_filesystem_files_free{device="none",device_error="",fstype="ramfs",mountpoint="/run/credentials/systemd-sysusers.service"} 0
node_filesystem_files_free{device="tmpfs",device_error="",fstype="tmpfs",mountpoint="/run"} 499868
node_filesystem_files_free{device="tmpfs",device_error="",fstype="tmpfs",mountpoint="/run/lock"} 500656
node_filesystem_files_free{device="tmpfs",device_error="",fstype="tmpfs",mountpoint="/run/user/1000"} 100107
# HELP node_filesystem_free_bytes Filesystem free space in bytes.
# TYPE node_filesystem_free_bytes gauge
node_filesystem_free_bytes{device="/dev/sda1",device_error="",fstype="ext4",mountpoint="/"} 3.774345216e+09
node_filesystem_free_bytes{device="/dev/sdb1",device_error="",fstype="ext4",mountpoint="/home"} 2.4435728384e+10
node_filesystem_free_bytes{device="/dev/sdb1",device_error="",fstype="ext4",mountpoint="/sdb"} 2.4435728384e+10
node_filesystem_free_bytes{device="/dev/sdb1",device_error="",fstype="ext4",mountpoint="/var"} 2.4435728384e+10
node_filesystem_free_bytes{device="none",device_error="",fstype="ramfs",mountpoint="/run/credentials/systemd-sysusers.service"} 0
node_filesystem_free_bytes{device="tmpfs",device_error="",fstype="tmpfs",mountpoint="/run"} 4.0900608e+08
node_filesystem_free_bytes{device="tmpfs",device_error="",fstype="tmpfs",mountpoint="/run/lock"} 5.24288e+06
node_filesystem_free_bytes{device="tmpfs",device_error="",fstype="tmpfs",mountpoint="/run/user/1000"} 4.10136576e+08
# HELP node_filesystem_mount_info Filesystem mount information.
# TYPE node_filesystem_mount_info gauge
node_filesystem_mount_info{device="/dev/sda1",major="8",minor="1",mountpoint="/"} 1
node_filesystem_mount_info{device="/dev/sdb1",major="8",minor="17",mountpoint="/home"} 1
node_filesystem_mount_info{device="/dev/sdb1",major="8",minor="17",mountpoint="/sdb"} 1
node_filesystem_mount_info{device="/dev/sdb1",major="8",minor="17",mountpoint="/var"} 1
node_filesystem_mount_info{device="none",major="0",minor="33",mountpoint="/run/credentials/systemd-sysusers.service"} 1
node_filesystem_mount_info{device="tmpfs",major="0",minor="24",mountpoint="/run"} 1
node_filesystem_mount_info{device="tmpfs",major="0",minor="26",mountpoint="/run/lock"} 1
node_filesystem_mount_info{device="tmpfs",major="0",minor="44",mountpoint="/run/user/1000"} 1
# HELP node_filesystem_purgeable_bytes Filesystem space available including purgeable space (MacOS specific).
# TYPE node_filesystem_purgeable_bytes gauge
node_filesystem_purgeable_bytes{device="/dev/sda1",device_error="",fstype="ext4",mountpoint="/"} 0
node_filesystem_purgeable_bytes{device="/dev/sdb1",device_error="",fstype="ext4",mountpoint="/home"} 0
node_filesystem_purgeable_bytes{device="/dev/sdb1",device_error="",fstype="ext4",mountpoint="/sdb"} 0
node_filesystem_purgeable_bytes{device="/dev/sdb1",device_error="",fstype="ext4",mountpoint="/var"} 0
node_filesystem_purgeable_bytes{device="none",device_error="",fstype="ramfs",mountpoint="/run/credentials/systemd-sysusers.service"} 0
node_filesystem_purgeable_bytes{device="tmpfs",device_error="",fstype="tmpfs",mountpoint="/run"} 0
node_filesystem_purgeable_bytes{device="tmpfs",device_error="",fstype="tmpfs",mountpoint="/run/lock"} 0
node_filesystem_purgeable_bytes{device="tmpfs",device_error="",fstype="tmpfs",mountpoint="/run/user/1000"} 0
# HELP node_filesystem_readonly Filesystem read-only status.
# TYPE node_filesystem_readonly gauge
node_filesystem_readonly{device="/dev/sda1",device_error="",fstype="ext4",mountpoint="/"} 0
node_filesystem_readonly{device="/dev/sdb1",device_error="",fstype="ext4",mountpoint="/home"} 0
node_filesystem_readonly{device="/dev/sdb1",device_error="",fstype="ext4",mountpoint="/sdb"} 0
node_filesystem_readonly{device="/dev/sdb1",device_error="",fstype="ext4",mountpoint="/var"} 0
node_filesystem_readonly{device="none",device_error="",fstype="ramfs",mountpoint="/run/credentials/systemd-sysusers.service"} 1
node_filesystem_readonly{device="tmpfs",device_error="",fstype="tmpfs",mountpoint="/run"} 0
node_filesystem_readonly{device="tmpfs",device_error="",fstype="tmpfs",mountpoint="/run/lock"} 0
node_filesystem_readonly{device="tmpfs",device_error="",fstype="tmpfs",mountpoint="/run/user/1000"} 0
# HELP node_filesystem_size_bytes Filesystem size in bytes.
# TYPE node_filesystem_size_bytes gauge
node_filesystem_size_bytes{device="/dev/sda1",device_error="",fstype="ext4",mountpoint="/"} 1.6794906624e+10
node_filesystem_size_bytes{device="/dev/sdb1",device_error="",fstype="ext4",mountpoint="/home"} 5.2520517632e+10
node_filesystem_size_bytes{device="/dev/sdb1",device_error="",fstype="ext4",mountpoint="/sdb"} 5.2520517632e+10
node_filesystem_size_bytes{device="/dev/sdb1",device_error="",fstype="ext4",mountpoint="/var"} 5.2520517632e+10
node_filesystem_size_bytes{device="none",device_error="",fstype="ramfs",mountpoint="/run/credentials/systemd-sysusers.service"} 0
node_filesystem_size_bytes{device="tmpfs",device_error="",fstype="tmpfs",mountpoint="/run"} 4.10140672e+08
node_filesystem_size_bytes{device="tmpfs",device_error="",fstype="tmpfs",mountpoint="/run/lock"} 5.24288e+06
node_filesystem_size_bytes{device="tmpfs",device_error="",fstype="tmpfs",mountpoint="/run/user/1000"} 4.10136576e+08
# HELP node_forks_total Total number of forks.
# TYPE node_forks_total counter
node_forks_total 5621
# HELP node_hwmon_chip_names Annotation metric for human-readable chip names
# TYPE node_hwmon_chip_names gauge
node_hwmon_chip_names{chip="power_supply_acad",chip_name="acad"} 1
# HELP node_intr_total Total number of interrupts serviced.
# TYPE node_intr_total counter
node_intr_total 9.887628e+06
# HELP node_load1 1m load average.
# TYPE node_load1 gauge
node_load1 0.02
# HELP node_load15 15m load average.
# TYPE node_load15 gauge
node_load15 0
# HELP node_load5 5m load average.
# TYPE node_load5 gauge
node_load5 0.02
# HELP node_memory_Active_anon_bytes Memory information field Active_anon_bytes.
# TYPE node_memory_Active_anon_bytes gauge
node_memory_Active_anon_bytes 1.048576e+06
# HELP node_memory_Active_bytes Memory information field Active_bytes.
# TYPE node_memory_Active_bytes gauge
node_memory_Active_bytes 1.13631232e+09
# HELP node_memory_Active_file_bytes Memory information field Active_file_bytes.
# TYPE node_memory_Active_file_bytes gauge
node_memory_Active_file_bytes 1.135263744e+09
# HELP node_memory_AnonHugePages_bytes Memory information field AnonHugePages_bytes.
# TYPE node_memory_AnonHugePages_bytes gauge
node_memory_AnonHugePages_bytes 0
# HELP node_memory_AnonPages_bytes Memory information field AnonPages_bytes.
# TYPE node_memory_AnonPages_bytes gauge
node_memory_AnonPages_bytes 9.30291712e+08
# HELP node_memory_Bounce_bytes Memory information field Bounce_bytes.
# TYPE node_memory_Bounce_bytes gauge
node_memory_Bounce_bytes 0
# HELP node_memory_Buffers_bytes Memory information field Buffers_bytes.
# TYPE node_memory_Buffers_bytes gauge
node_memory_Buffers_bytes 4.03263488e+08
# HELP node_memory_Cached_bytes Memory information field Cached_bytes.
# TYPE node_memory_Cached_bytes gauge
node_memory_Cached_bytes 2.132000768e+09
# HELP node_memory_CommitLimit_bytes Memory information field CommitLimit_bytes.
# TYPE node_memory_CommitLimit_bytes gauge
node_memory_CommitLimit_bytes 2.846650368e+09
# HELP node_memory_Committed_AS_bytes Memory information field Committed_AS_bytes.
# TYPE node_memory_Committed_AS_bytes gauge
node_memory_Committed_AS_bytes 1.746948096e+09
# HELP node_memory_DirectMap2M_bytes Memory information field DirectMap2M_bytes.
# TYPE node_memory_DirectMap2M_bytes gauge
node_memory_DirectMap2M_bytes 4.085252096e+09
# HELP node_memory_DirectMap4k_bytes Memory information field DirectMap4k_bytes.
# TYPE node_memory_DirectMap4k_bytes gauge
node_memory_DirectMap4k_bytes 2.09649664e+08
# HELP node_memory_Dirty_bytes Memory information field Dirty_bytes.
# TYPE node_memory_Dirty_bytes gauge
node_memory_Dirty_bytes 2.142208e+06
# HELP node_memory_HardwareCorrupted_bytes Memory information field HardwareCorrupted_bytes.
# TYPE node_memory_HardwareCorrupted_bytes gauge
node_memory_HardwareCorrupted_bytes 0
# HELP node_memory_HugePages_Free Memory information field HugePages_Free.
# TYPE node_memory_HugePages_Free gauge
node_memory_HugePages_Free 0
# HELP node_memory_HugePages_Rsvd Memory information field HugePages_Rsvd.
# TYPE node_memory_HugePages_Rsvd gauge
node_memory_HugePages_Rsvd 0
# HELP node_memory_HugePages_Surp Memory information field HugePages_Surp.
# TYPE node_memory_HugePages_Surp gauge
node_memory_HugePages_Surp 0
# HELP node_memory_HugePages_Total Memory information field HugePages_Total.
# TYPE node_memory_HugePages_Total gauge
node_memory_HugePages_Total 0
# HELP node_memory_Hugepagesize_bytes Memory information field Hugepagesize_bytes.
# TYPE node_memory_Hugepagesize_bytes gauge
node_memory_Hugepagesize_bytes 2.097152e+06
# HELP node_memory_Inactive_anon_bytes Memory information field Inactive_anon_bytes.
# TYPE node_memory_Inactive_anon_bytes gauge
node_memory_Inactive_anon_bytes 9.302016e+08
# HELP node_memory_Inactive_bytes Memory information field Inactive_bytes.
# TYPE node_memory_Inactive_bytes gauge
node_memory_Inactive_bytes 2.329075712e+09
# HELP node_memory_Inactive_file_bytes Memory information field Inactive_file_bytes.
# TYPE node_memory_Inactive_file_bytes gauge
node_memory_Inactive_file_bytes 1.398874112e+09
# HELP node_memory_KernelStack_bytes Memory information field KernelStack_bytes.
# TYPE node_memory_KernelStack_bytes gauge
node_memory_KernelStack_bytes 6.569984e+06
# HELP node_memory_Mapped_bytes Memory information field Mapped_bytes.
# TYPE node_memory_Mapped_bytes gauge
node_memory_Mapped_bytes 3.29068544e+08
# HELP node_memory_MemAvailable_bytes Memory information field MemAvailable_bytes.
# TYPE node_memory_MemAvailable_bytes gauge
node_memory_MemAvailable_bytes 2.678501376e+09
# HELP node_memory_MemFree_bytes Memory information field MemFree_bytes.
# TYPE node_memory_MemFree_bytes gauge
node_memory_MemFree_bytes 1.49430272e+08
# HELP node_memory_MemTotal_bytes Memory information field MemTotal_bytes.
# TYPE node_memory_MemTotal_bytes gauge
node_memory_MemTotal_bytes 4.101394432e+09
# HELP node_memory_Mlocked_bytes Memory information field Mlocked_bytes.
# TYPE node_memory_Mlocked_bytes gauge
node_memory_Mlocked_bytes 0
# HELP node_memory_NFS_Unstable_bytes Memory information field NFS_Unstable_bytes.
# TYPE node_memory_NFS_Unstable_bytes gauge
node_memory_NFS_Unstable_bytes 0
# HELP node_memory_PageTables_bytes Memory information field PageTables_bytes.
# TYPE node_memory_PageTables_bytes gauge
node_memory_PageTables_bytes 1.8571264e+07
# HELP node_memory_Percpu_bytes Memory information field Percpu_bytes.
# TYPE node_memory_Percpu_bytes gauge
node_memory_Percpu_bytes 2.588672e+06
# HELP node_memory_SReclaimable_bytes Memory information field SReclaimable_bytes.
# TYPE node_memory_SReclaimable_bytes gauge
node_memory_SReclaimable_bytes 2.9093888e+08
# HELP node_memory_SUnreclaim_bytes Memory information field SUnreclaim_bytes.
# TYPE node_memory_SUnreclaim_bytes gauge
node_memory_SUnreclaim_bytes 6.0768256e+07
# HELP node_memory_ShmemHugePages_bytes Memory information field ShmemHugePages_bytes.
# TYPE node_memory_ShmemHugePages_bytes gauge
node_memory_ShmemHugePages_bytes 0
# HELP node_memory_ShmemPmdMapped_bytes Memory information field ShmemPmdMapped_bytes.
# TYPE node_memory_ShmemPmdMapped_bytes gauge
node_memory_ShmemPmdMapped_bytes 0
# HELP node_memory_Shmem_bytes Memory information field Shmem_bytes.
# TYPE node_memory_Shmem_bytes gauge
node_memory_Shmem_bytes 1.16736e+06
# HELP node_memory_Slab_bytes Memory information field Slab_bytes.
# TYPE node_memory_Slab_bytes gauge
node_memory_Slab_bytes 3.51707136e+08
# HELP node_memory_SwapCached_bytes Memory information field SwapCached_bytes.
# TYPE node_memory_SwapCached_bytes gauge
node_memory_SwapCached_bytes 36864
# HELP node_memory_SwapFree_bytes Memory information field SwapFree_bytes.
# TYPE node_memory_SwapFree_bytes gauge
node_memory_SwapFree_bytes 7.94120192e+08
# HELP node_memory_SwapTotal_bytes Memory information field SwapTotal_bytes.
# TYPE node_memory_SwapTotal_bytes gauge
node_memory_SwapTotal_bytes 7.959552e+08
# HELP node_memory_Unevictable_bytes Memory information field Unevictable_bytes.
# TYPE node_memory_Unevictable_bytes gauge
node_memory_Unevictable_bytes 0
# HELP node_memory_VmallocChunk_bytes Memory information field VmallocChunk_bytes.
# TYPE node_memory_VmallocChunk_bytes gauge
node_memory_VmallocChunk_bytes 0
# HELP node_memory_VmallocTotal_bytes Memory information field VmallocTotal_bytes.
# TYPE node_memory_VmallocTotal_bytes gauge
node_memory_VmallocTotal_bytes 3.5184372087808e+13
# HELP node_memory_VmallocUsed_bytes Memory information field VmallocUsed_bytes.
# TYPE node_memory_VmallocUsed_bytes gauge
node_memory_VmallocUsed_bytes 2.1499904e+07
# HELP node_memory_WritebackTmp_bytes Memory information field WritebackTmp_bytes.
# TYPE node_memory_WritebackTmp_bytes gauge
node_memory_WritebackTmp_bytes 0
# HELP node_memory_Writeback_bytes Memory information field Writeback_bytes.
# TYPE node_memory_Writeback_bytes gauge
node_memory_Writeback_bytes 0
# HELP node_netstat_Icmp6_InErrors Statistic Icmp6InErrors.
# TYPE node_netstat_Icmp6_InErrors untyped
node_netstat_Icmp6_InErrors 0
# HELP node_netstat_Icmp6_InMsgs Statistic Icmp6InMsgs.
# TYPE node_netstat_Icmp6_InMsgs untyped
node_netstat_Icmp6_InMsgs 81
# HELP node_netstat_Icmp6_OutMsgs Statistic Icmp6OutMsgs.
# TYPE node_netstat_Icmp6_OutMsgs untyped
node_netstat_Icmp6_OutMsgs 65
# HELP node_netstat_Icmp_InErrors Statistic IcmpInErrors.
# TYPE node_netstat_Icmp_InErrors untyped
node_netstat_Icmp_InErrors 0
# HELP node_netstat_Icmp_InMsgs Statistic IcmpInMsgs.
# TYPE node_netstat_Icmp_InMsgs untyped
node_netstat_Icmp_InMsgs 32
# HELP node_netstat_Icmp_OutMsgs Statistic IcmpOutMsgs.
# TYPE node_netstat_Icmp_OutMsgs untyped
node_netstat_Icmp_OutMsgs 12
# HELP node_netstat_Ip6_InOctets Statistic Ip6InOctets.
# TYPE node_netstat_Ip6_InOctets untyped
node_netstat_Ip6_InOctets 2.187422e+06
# HELP node_netstat_Ip6_OutOctets Statistic Ip6OutOctets.
# TYPE node_netstat_Ip6_OutOctets untyped
node_netstat_Ip6_OutOctets 2.188582e+06
# HELP node_netstat_IpExt_InOctets Statistic IpExtInOctets.
# TYPE node_netstat_IpExt_InOctets untyped
node_netstat_IpExt_InOctets 9.95036967e+08
# HELP node_netstat_IpExt_OutOctets Statistic IpExtOutOctets.
# TYPE node_netstat_IpExt_OutOctets untyped
node_netstat_IpExt_OutOctets 1.50861043e+08
# HELP node_netstat_Ip_Forwarding Statistic IpForwarding.
# TYPE node_netstat_Ip_Forwarding untyped
node_netstat_Ip_Forwarding 1
# HELP node_netstat_TcpExt_ListenDrops Statistic TcpExtListenDrops.
# TYPE node_netstat_TcpExt_ListenDrops untyped
node_netstat_TcpExt_ListenDrops 0
# HELP node_netstat_TcpExt_ListenOverflows Statistic TcpExtListenOverflows.
# TYPE node_netstat_TcpExt_ListenOverflows untyped
node_netstat_TcpExt_ListenOverflows 0
# HELP node_netstat_TcpExt_SyncookiesFailed Statistic TcpExtSyncookiesFailed.
# TYPE node_netstat_TcpExt_SyncookiesFailed untyped
node_netstat_TcpExt_SyncookiesFailed 0
# HELP node_netstat_TcpExt_SyncookiesRecv Statistic TcpExtSyncookiesRecv.
# TYPE node_netstat_TcpExt_SyncookiesRecv untyped
node_netstat_TcpExt_SyncookiesRecv 0
# HELP node_netstat_TcpExt_SyncookiesSent Statistic TcpExtSyncookiesSent.
# TYPE node_netstat_TcpExt_SyncookiesSent untyped
node_netstat_TcpExt_SyncookiesSent 0
# HELP node_netstat_TcpExt_TCPOFOQueue Statistic TcpExtTCPOFOQueue.
# TYPE node_netstat_TcpExt_TCPOFOQueue untyped
node_netstat_TcpExt_TCPOFOQueue 78459
# HELP node_netstat_TcpExt_TCPRcvQDrop Statistic TcpExtTCPRcvQDrop.
# TYPE node_netstat_TcpExt_TCPRcvQDrop untyped
node_netstat_TcpExt_TCPRcvQDrop 0
# HELP node_netstat_TcpExt_TCPSynRetrans Statistic TcpExtTCPSynRetrans.
# TYPE node_netstat_TcpExt_TCPSynRetrans untyped
node_netstat_TcpExt_TCPSynRetrans 38
# HELP node_netstat_TcpExt_TCPTimeouts Statistic TcpExtTCPTimeouts.
# TYPE node_netstat_TcpExt_TCPTimeouts untyped
node_netstat_TcpExt_TCPTimeouts 61
# HELP node_netstat_Tcp_ActiveOpens Statistic TcpActiveOpens.
# TYPE node_netstat_Tcp_ActiveOpens untyped
node_netstat_Tcp_ActiveOpens 241
# HELP node_netstat_Tcp_CurrEstab Statistic TcpCurrEstab.
# TYPE node_netstat_Tcp_CurrEstab untyped
node_netstat_Tcp_CurrEstab 16
# HELP node_netstat_Tcp_InErrs Statistic TcpInErrs.
# TYPE node_netstat_Tcp_InErrs untyped
node_netstat_Tcp_InErrs 6
# HELP node_netstat_Tcp_InSegs Statistic TcpInSegs.
# TYPE node_netstat_Tcp_InSegs untyped
node_netstat_Tcp_InSegs 474707
# HELP node_netstat_Tcp_OutRsts Statistic TcpOutRsts.
# TYPE node_netstat_Tcp_OutRsts untyped
node_netstat_Tcp_OutRsts 93
# HELP node_netstat_Tcp_OutSegs Statistic TcpOutSegs.
# TYPE node_netstat_Tcp_OutSegs untyped
node_netstat_Tcp_OutSegs 287184
# HELP node_netstat_Tcp_PassiveOpens Statistic TcpPassiveOpens.
# TYPE node_netstat_Tcp_PassiveOpens untyped
node_netstat_Tcp_PassiveOpens 44
# HELP node_netstat_Tcp_RetransSegs Statistic TcpRetransSegs.
# TYPE node_netstat_Tcp_RetransSegs untyped
node_netstat_Tcp_RetransSegs 69
# HELP node_netstat_Udp6_InDatagrams Statistic Udp6InDatagrams.
# TYPE node_netstat_Udp6_InDatagrams untyped
node_netstat_Udp6_InDatagrams 0
# HELP node_netstat_Udp6_InErrors Statistic Udp6InErrors.
# TYPE node_netstat_Udp6_InErrors untyped
node_netstat_Udp6_InErrors 0
# HELP node_netstat_Udp6_NoPorts Statistic Udp6NoPorts.
# TYPE node_netstat_Udp6_NoPorts untyped
node_netstat_Udp6_NoPorts 0
# HELP node_netstat_Udp6_OutDatagrams Statistic Udp6OutDatagrams.
# TYPE node_netstat_Udp6_OutDatagrams untyped
node_netstat_Udp6_OutDatagrams 0
# HELP node_netstat_Udp6_RcvbufErrors Statistic Udp6RcvbufErrors.
# TYPE node_netstat_Udp6_RcvbufErrors untyped
node_netstat_Udp6_RcvbufErrors 0
# HELP node_netstat_Udp6_SndbufErrors Statistic Udp6SndbufErrors.
# TYPE node_netstat_Udp6_SndbufErrors untyped
node_netstat_Udp6_SndbufErrors 0
# HELP node_netstat_UdpLite6_InErrors Statistic UdpLite6InErrors.
# TYPE node_netstat_UdpLite6_InErrors untyped
node_netstat_UdpLite6_InErrors 0
# HELP node_netstat_UdpLite_InErrors Statistic UdpLiteInErrors.
# TYPE node_netstat_UdpLite_InErrors untyped
node_netstat_UdpLite_InErrors 0
# HELP node_netstat_Udp_InDatagrams Statistic UdpInDatagrams.
# TYPE node_netstat_Udp_InDatagrams untyped
node_netstat_Udp_InDatagrams 2400
# HELP node_netstat_Udp_InErrors Statistic UdpInErrors.
# TYPE node_netstat_Udp_InErrors untyped
node_netstat_Udp_InErrors 0
# HELP node_netstat_Udp_NoPorts Statistic UdpNoPorts.
# TYPE node_netstat_Udp_NoPorts untyped
node_netstat_Udp_NoPorts 12
# HELP node_netstat_Udp_OutDatagrams Statistic UdpOutDatagrams.
# TYPE node_netstat_Udp_OutDatagrams untyped
node_netstat_Udp_OutDatagrams 2433
# HELP node_netstat_Udp_RcvbufErrors Statistic UdpRcvbufErrors.
# TYPE node_netstat_Udp_RcvbufErrors untyped
node_netstat_Udp_RcvbufErrors 0
# HELP node_netstat_Udp_SndbufErrors Statistic UdpSndbufErrors.
# TYPE node_netstat_Udp_SndbufErrors untyped
node_netstat_Udp_SndbufErrors 0
# HELP node_network_address_assign_type Network device property: address_assign_type
# TYPE node_network_address_assign_type gauge
node_network_address_assign_type{device="br-c896221b66ee"} 3
node_network_address_assign_type{device="docker0"} 3
node_network_address_assign_type{device="ens160"} 0
node_network_address_assign_type{device="lo"} 0
node_network_address_assign_type{device="tailscale0"} 0
# HELP node_network_carrier Network device property: carrier
# TYPE node_network_carrier gauge
node_network_carrier{device="br-c896221b66ee"} 0
node_network_carrier{device="docker0"} 0
node_network_carrier{device="ens160"} 1
node_network_carrier{device="lo"} 1
node_network_carrier{device="tailscale0"} 1
# HELP node_network_carrier_changes_total Network device property: carrier_changes_total
# TYPE node_network_carrier_changes_total counter
node_network_carrier_changes_total{device="br-c896221b66ee"} 1
node_network_carrier_changes_total{device="docker0"} 7
node_network_carrier_changes_total{device="ens160"} 1
node_network_carrier_changes_total{device="lo"} 0
node_network_carrier_changes_total{device="tailscale0"} 0
# HELP node_network_carrier_down_changes_total Network device property: carrier_down_changes_total
# TYPE node_network_carrier_down_changes_total counter
node_network_carrier_down_changes_total{device="br-c896221b66ee"} 1
node_network_carrier_down_changes_total{device="docker0"} 4
node_network_carrier_down_changes_total{device="ens160"} 0
node_network_carrier_down_changes_total{device="lo"} 0
node_network_carrier_down_changes_total{device="tailscale0"} 0
# HELP node_network_carrier_up_changes_total Network device property: carrier_up_changes_total
# TYPE node_network_carrier_up_changes_total counter
node_network_carrier_up_changes_total{device="br-c896221b66ee"} 0
node_network_carrier_up_changes_total{device="docker0"} 3
node_network_carrier_up_changes_total{device="ens160"} 1
node_network_carrier_up_changes_total{device="lo"} 0
node_network_carrier_up_changes_total{device="tailscale0"} 0
# HELP node_network_device_id Network device property: device_id
# TYPE node_network_device_id gauge
node_network_device_id{device="br-c896221b66ee"} 0
node_network_device_id{device="docker0"} 0
node_network_device_id{device="ens160"} 0
node_network_device_id{device="lo"} 0
node_network_device_id{device="tailscale0"} 0
# HELP node_network_dormant Network device property: dormant
# TYPE node_network_dormant gauge
node_network_dormant{device="br-c896221b66ee"} 0
node_network_dormant{device="docker0"} 0
node_network_dormant{device="ens160"} 0
node_network_dormant{device="lo"} 0
node_network_dormant{device="tailscale0"} 0
# HELP node_network_flags Network device property: flags
# TYPE node_network_flags gauge
node_network_flags{device="br-c896221b66ee"} 4099
node_network_flags{device="docker0"} 4099
node_network_flags{device="ens160"} 4099
node_network_flags{device="lo"} 9
node_network_flags{device="tailscale0"} 4241
# HELP node_network_iface_id Network device property: iface_id
# TYPE node_network_iface_id gauge
node_network_iface_id{device="br-c896221b66ee"} 5
node_network_iface_id{device="docker0"} 4
node_network_iface_id{device="ens160"} 2
node_network_iface_id{device="lo"} 1
node_network_iface_id{device="tailscale0"} 3
# HELP node_network_iface_link Network device property: iface_link
# TYPE node_network_iface_link gauge
node_network_iface_link{device="br-c896221b66ee"} 5
node_network_iface_link{device="docker0"} 4
node_network_iface_link{device="ens160"} 2
node_network_iface_link{device="lo"} 1
node_network_iface_link{device="tailscale0"} 3
# HELP node_network_iface_link_mode Network device property: iface_link_mode
# TYPE node_network_iface_link_mode gauge
node_network_iface_link_mode{device="br-c896221b66ee"} 0
node_network_iface_link_mode{device="docker0"} 0
node_network_iface_link_mode{device="ens160"} 0
node_network_iface_link_mode{device="lo"} 0
node_network_iface_link_mode{device="tailscale0"} 0
# HELP node_network_info Non-numeric data from /sys/class/net/<iface>, value is always 1.
# TYPE node_network_info gauge
node_network_info{address="",adminstate="up",broadcast="",device="tailscale0",duplex="full",ifalias="",operstate="unknown"} 1
node_network_info{address="00:00:00:00:00:00",adminstate="up",broadcast="00:00:00:00:00:00",device="lo",duplex="",ifalias="",operstate="unknown"} 1
node_network_info{address="00:0c:29:74:04:41",adminstate="up",broadcast="ff:ff:ff:ff:ff:ff",device="ens160",duplex="full",ifalias="",operstate="up"} 1
node_network_info{address="02:42:0d:fb:9f:83",adminstate="up",broadcast="ff:ff:ff:ff:ff:ff",device="docker0",duplex="unknown",ifalias="",operstate="down"} 1
node_network_info{address="02:42:b6:9e:71:57",adminstate="up",broadcast="ff:ff:ff:ff:ff:ff",device="br-c896221b66ee",duplex="unknown",ifalias="",operstate="down"} 1
# HELP node_network_mtu_bytes Network device property: mtu_bytes
# TYPE node_network_mtu_bytes gauge
node_network_mtu_bytes{device="br-c896221b66ee"} 1500
node_network_mtu_bytes{device="docker0"} 1500
node_network_mtu_bytes{device="ens160"} 1500
node_network_mtu_bytes{device="lo"} 65536
node_network_mtu_bytes{device="tailscale0"} 1280
# HELP node_network_name_assign_type Network device property: name_assign_type
# TYPE node_network_name_assign_type gauge
node_network_name_assign_type{device="br-c896221b66ee"} 3
node_network_name_assign_type{device="docker0"} 3
node_network_name_assign_type{device="ens160"} 4
node_network_name_assign_type{device="lo"} 2
# HELP node_network_net_dev_group Network device property: net_dev_group
# TYPE node_network_net_dev_group gauge
node_network_net_dev_group{device="br-c896221b66ee"} 0
node_network_net_dev_group{device="docker0"} 0
node_network_net_dev_group{device="ens160"} 0
node_network_net_dev_group{device="lo"} 0
node_network_net_dev_group{device="tailscale0"} 0
# HELP node_network_protocol_type Network device property: protocol_type
# TYPE node_network_protocol_type gauge
node_network_protocol_type{device="br-c896221b66ee"} 1
node_network_protocol_type{device="docker0"} 1
node_network_protocol_type{device="ens160"} 1
node_network_protocol_type{device="lo"} 772
node_network_protocol_type{device="tailscale0"} 65534
# HELP node_network_receive_bytes_total Network device statistic receive_bytes.
# TYPE node_network_receive_bytes_total counter
node_network_receive_bytes_total{device="br-c896221b66ee"} 0
node_network_receive_bytes_total{device="docker0"} 5.955853e+06
node_network_receive_bytes_total{device="ens160"} 8.96558005e+08
node_network_receive_bytes_total{device="lo"} 1.13871291e+08
node_network_receive_bytes_total{device="tailscale0"} 86
# HELP node_network_receive_compressed_total Network device statistic receive_compressed.
# TYPE node_network_receive_compressed_total counter
node_network_receive_compressed_total{device="br-c896221b66ee"} 0
node_network_receive_compressed_total{device="docker0"} 0
node_network_receive_compressed_total{device="ens160"} 0
node_network_receive_compressed_total{device="lo"} 0
node_network_receive_compressed_total{device="tailscale0"} 0
# HELP node_network_receive_drop_total Network device statistic receive_drop.
# TYPE node_network_receive_drop_total counter
node_network_receive_drop_total{device="br-c896221b66ee"} 0
node_network_receive_drop_total{device="docker0"} 0
node_network_receive_drop_total{device="ens160"} 83
node_network_receive_drop_total{device="lo"} 0
node_network_receive_drop_total{device="tailscale0"} 0
# HELP node_network_receive_errs_total Network device statistic receive_errs.
# TYPE node_network_receive_errs_total counter
node_network_receive_errs_total{device="br-c896221b66ee"} 0
node_network_receive_errs_total{device="docker0"} 0
node_network_receive_errs_total{device="ens160"} 0
node_network_receive_errs_total{device="lo"} 0
node_network_receive_errs_total{device="tailscale0"} 0
# HELP node_network_receive_fifo_total Network device statistic receive_fifo.
# TYPE node_network_receive_fifo_total counter
node_network_receive_fifo_total{device="br-c896221b66ee"} 0
node_network_receive_fifo_total{device="docker0"} 0
node_network_receive_fifo_total{device="ens160"} 0
node_network_receive_fifo_total{device="lo"} 0
node_network_receive_fifo_total{device="tailscale0"} 0
# HELP node_network_receive_frame_total Network device statistic receive_frame.
# TYPE node_network_receive_frame_total counter
node_network_receive_frame_total{device="br-c896221b66ee"} 0
node_network_receive_frame_total{device="docker0"} 0
node_network_receive_frame_total{device="ens160"} 0
node_network_receive_frame_total{device="lo"} 0
node_network_receive_frame_total{device="tailscale0"} 0
# HELP node_network_receive_multicast_total Network device statistic receive_multicast.
# TYPE node_network_receive_multicast_total counter
node_network_receive_multicast_total{device="br-c896221b66ee"} 0
node_network_receive_multicast_total{device="docker0"} 0
node_network_receive_multicast_total{device="ens160"} 25292
node_network_receive_multicast_total{device="lo"} 0
node_network_receive_multicast_total{device="tailscale0"} 0
# HELP node_network_receive_nohandler_total Network device statistic receive_nohandler.
# TYPE node_network_receive_nohandler_total counter
node_network_receive_nohandler_total{device="br-c896221b66ee"} 0
node_network_receive_nohandler_total{device="docker0"} 0
node_network_receive_nohandler_total{device="ens160"} 0
node_network_receive_nohandler_total{device="lo"} 0
node_network_receive_nohandler_total{device="tailscale0"} 0
# HELP node_network_receive_packets_total Network device statistic receive_packets.
# TYPE node_network_receive_packets_total counter
node_network_receive_packets_total{device="br-c896221b66ee"} 0
node_network_receive_packets_total{device="docker0"} 382
node_network_receive_packets_total{device="ens160"} 676956
node_network_receive_packets_total{device="lo"} 29508
node_network_receive_packets_total{device="tailscale0"} 1
# HELP node_network_speed_bytes Network device property: speed_bytes
# TYPE node_network_speed_bytes gauge
node_network_speed_bytes{device="br-c896221b66ee"} -125000
node_network_speed_bytes{device="docker0"} -125000
node_network_speed_bytes{device="ens160"} 1.25e+09
node_network_speed_bytes{device="tailscale0"} -125000
# HELP node_network_transmit_bytes_total Network device statistic transmit_bytes.
# TYPE node_network_transmit_bytes_total counter
node_network_transmit_bytes_total{device="br-c896221b66ee"} 0
node_network_transmit_bytes_total{device="docker0"} 41674
node_network_transmit_bytes_total{device="ens160"} 3.681e+07
node_network_transmit_bytes_total{device="lo"} 1.13871291e+08
node_network_transmit_bytes_total{device="tailscale0"} 240
# HELP node_network_transmit_carrier_total Network device statistic transmit_carrier.
# TYPE node_network_transmit_carrier_total counter
node_network_transmit_carrier_total{device="br-c896221b66ee"} 0
node_network_transmit_carrier_total{device="docker0"} 0
node_network_transmit_carrier_total{device="ens160"} 0
node_network_transmit_carrier_total{device="lo"} 0
node_network_transmit_carrier_total{device="tailscale0"} 0
# HELP node_network_transmit_colls_total Network device statistic transmit_colls.
# TYPE node_network_transmit_colls_total counter
node_network_transmit_colls_total{device="br-c896221b66ee"} 0
node_network_transmit_colls_total{device="docker0"} 0
node_network_transmit_colls_total{device="ens160"} 0
node_network_transmit_colls_total{device="lo"} 0
node_network_transmit_colls_total{device="tailscale0"} 0
# HELP node_network_transmit_compressed_total Network device statistic transmit_compressed.
# TYPE node_network_transmit_compressed_total counter
node_network_transmit_compressed_total{device="br-c896221b66ee"} 0
node_network_transmit_compressed_total{device="docker0"} 0
node_network_transmit_compressed_total{device="ens160"} 0
node_network_transmit_compressed_total{device="lo"} 0
node_network_transmit_compressed_total{device="tailscale0"} 0
# HELP node_network_transmit_drop_total Network device statistic transmit_drop.
# TYPE node_network_transmit_drop_total counter
node_network_transmit_drop_total{device="br-c896221b66ee"} 0
node_network_transmit_drop_total{device="docker0"} 0
node_network_transmit_drop_total{device="ens160"} 0
node_network_transmit_drop_total{device="lo"} 0
node_network_transmit_drop_total{device="tailscale0"} 0
# HELP node_network_transmit_errs_total Network device statistic transmit_errs.
# TYPE node_network_transmit_errs_total counter
node_network_transmit_errs_total{device="br-c896221b66ee"} 0
node_network_transmit_errs_total{device="docker0"} 0
node_network_transmit_errs_total{device="ens160"} 0
node_network_transmit_errs_total{device="lo"} 0
node_network_transmit_errs_total{device="tailscale0"} 0
# HELP node_network_transmit_fifo_total Network device statistic transmit_fifo.
# TYPE node_network_transmit_fifo_total counter
node_network_transmit_fifo_total{device="br-c896221b66ee"} 0
node_network_transmit_fifo_total{device="docker0"} 0
node_network_transmit_fifo_total{device="ens160"} 0
node_network_transmit_fifo_total{device="lo"} 0
node_network_transmit_fifo_total{device="tailscale0"} 0
# HELP node_network_transmit_packets_total Network device statistic transmit_packets.
# TYPE node_network_transmit_packets_total counter
node_network_transmit_packets_total{device="br-c896221b66ee"} 0
node_network_transmit_packets_total{device="docker0"} 478
node_network_transmit_packets_total{device="ens160"} 255863
node_network_transmit_packets_total{device="lo"} 29508
node_network_transmit_packets_total{device="tailscale0"} 3
# HELP node_network_transmit_queue_length Network device property: transmit_queue_length
# TYPE node_network_transmit_queue_length gauge
node_network_transmit_queue_length{device="br-c896221b66ee"} 0
node_network_transmit_queue_length{device="docker0"} 0
node_network_transmit_queue_length{device="ens160"} 1000
node_network_transmit_queue_length{device="lo"} 1000
node_network_transmit_queue_length{device="tailscale0"} 500
# HELP node_network_up Value is 1 if operstate is 'up', 0 otherwise.
# TYPE node_network_up gauge
node_network_up{device="br-c896221b66ee"} 0
node_network_up{device="docker0"} 0
node_network_up{device="ens160"} 1
node_network_up{device="lo"} 0
node_network_up{device="tailscale0"} 0
# HELP node_nf_conntrack_entries Number of currently allocated flow entries for connection tracking.
# TYPE node_nf_conntrack_entries gauge
node_nf_conntrack_entries 14
# HELP node_nf_conntrack_entries_limit Maximum size of connection tracking table.
# TYPE node_nf_conntrack_entries_limit gauge
node_nf_conntrack_entries_limit 65536
# HELP node_os_info A metric with a constant '1' value labeled by build_id, id, id_like, image_id, image_version, name, pretty_name, variant, variant_id, version, version_codename, version_id.
# TYPE node_os_info gauge
node_os_info{build_id="",id="ubuntu",id_like="debian",image_id="",image_version="",name="Ubuntu",pretty_name="Ubuntu 22.04.5 LTS",variant="",variant_id="",version="22.04.5 LTS (Jammy Jellyfish)",version_codename="jammy",version_id="22.04"} 1
# HELP node_os_version Metric containing the major.minor part of the OS version.
# TYPE node_os_version gauge
node_os_version{id="ubuntu",id_like="debian",name="Ubuntu"} 22.04
# HELP node_power_supply_info info of /sys/class/power_supply/<power_supply>.
# TYPE node_power_supply_info gauge
node_power_supply_info{power_supply="ACAD",type="Mains"} 1
# HELP node_power_supply_online online value of /sys/class/power_supply/<power_supply>.
# TYPE node_power_supply_online gauge
node_power_supply_online{power_supply="ACAD"} 1
# HELP node_pressure_cpu_waiting_seconds_total Total time in seconds that processes have waited for CPU time
# TYPE node_pressure_cpu_waiting_seconds_total counter
node_pressure_cpu_waiting_seconds_total 78.67513000000001
# HELP node_pressure_io_stalled_seconds_total Total time in seconds no process could make progress due to IO congestion
# TYPE node_pressure_io_stalled_seconds_total counter
node_pressure_io_stalled_seconds_total 19.178359
# HELP node_pressure_io_waiting_seconds_total Total time in seconds that processes have waited due to IO congestion
# TYPE node_pressure_io_waiting_seconds_total counter
node_pressure_io_waiting_seconds_total 27.516751
# HELP node_pressure_memory_stalled_seconds_total Total time in seconds no process could make progress due to memory congestion
# TYPE node_pressure_memory_stalled_seconds_total counter
node_pressure_memory_stalled_seconds_total 0.23234200000000002
# HELP node_pressure_memory_waiting_seconds_total Total time in seconds that processes have waited for memory
# TYPE node_pressure_memory_waiting_seconds_total counter
node_pressure_memory_waiting_seconds_total 0.240906
# HELP node_procs_blocked Number of processes blocked waiting for I/O to complete.
# TYPE node_procs_blocked gauge
node_procs_blocked 0
# HELP node_procs_running Number of processes in runnable state.
# TYPE node_procs_running gauge
node_procs_running 3
# HELP node_schedstat_running_seconds_total Number of seconds CPU spent running a process.
# TYPE node_schedstat_running_seconds_total counter
node_schedstat_running_seconds_total{cpu="0"} 183.979740357
node_schedstat_running_seconds_total{cpu="1"} 240.757883846
node_schedstat_running_seconds_total{cpu="2"} 248.615309987
node_schedstat_running_seconds_total{cpu="3"} 265.161799126
# HELP node_schedstat_timeslices_total Number of timeslices executed by CPU.
# TYPE node_schedstat_timeslices_total counter
node_schedstat_timeslices_total{cpu="0"} 1.634274e+06
node_schedstat_timeslices_total{cpu="1"} 2.794995e+06
node_schedstat_timeslices_total{cpu="2"} 2.325201e+06
node_schedstat_timeslices_total{cpu="3"} 2.159062e+06
# HELP node_schedstat_waiting_seconds_total Number of seconds spent by processing waiting for this CPU.
# TYPE node_schedstat_waiting_seconds_total counter
node_schedstat_waiting_seconds_total{cpu="0"} 36.759667982
node_schedstat_waiting_seconds_total{cpu="1"} 49.396276841
node_schedstat_waiting_seconds_total{cpu="2"} 45.167913354
node_schedstat_waiting_seconds_total{cpu="3"} 39.763765519
# HELP node_scrape_collector_duration_seconds node_exporter: Duration of a collector scrape.
# TYPE node_scrape_collector_duration_seconds gauge
node_scrape_collector_duration_seconds{collector="arp"} 0.000526109
node_scrape_collector_duration_seconds{collector="bcache"} 2.9498e-05
node_scrape_collector_duration_seconds{collector="bonding"} 3.6069e-05
node_scrape_collector_duration_seconds{collector="btrfs"} 0.000877799
node_scrape_collector_duration_seconds{collector="conntrack"} 0.000149813
node_scrape_collector_duration_seconds{collector="cpu"} 0.001201358
node_scrape_collector_duration_seconds{collector="cpufreq"} 0.000154984
node_scrape_collector_duration_seconds{collector="diskstats"} 0.022261641
node_scrape_collector_duration_seconds{collector="dmi"} 1.29e-05
node_scrape_collector_duration_seconds{collector="edac"} 5.5883e-05
node_scrape_collector_duration_seconds{collector="entropy"} 0.000198781
node_scrape_collector_duration_seconds{collector="fibrechannel"} 1.6893e-05
node_scrape_collector_duration_seconds{collector="filefd"} 5.8608e-05
node_scrape_collector_duration_seconds{collector="filesystem"} 0.019904422
node_scrape_collector_duration_seconds{collector="hwmon"} 0.000725685
node_scrape_collector_duration_seconds{collector="infiniband"} 2.262e-05
node_scrape_collector_duration_seconds{collector="ipvs"} 3.7713e-05
node_scrape_collector_duration_seconds{collector="loadavg"} 6.5988e-05
node_scrape_collector_duration_seconds{collector="mdadm"} 7.856e-05
node_scrape_collector_duration_seconds{collector="meminfo"} 0.000230955
node_scrape_collector_duration_seconds{collector="netclass"} 0.018925907
node_scrape_collector_duration_seconds{collector="netdev"} 0.00044794
node_scrape_collector_duration_seconds{collector="netstat"} 0.001321967
node_scrape_collector_duration_seconds{collector="nfs"} 2.7408e-05
node_scrape_collector_duration_seconds{collector="nfsd"} 3.1511e-05
node_scrape_collector_duration_seconds{collector="nvme"} 3.0541e-05
node_scrape_collector_duration_seconds{collector="os"} 0.000100305
node_scrape_collector_duration_seconds{collector="powersupplyclass"} 0.00098714
node_scrape_collector_duration_seconds{collector="pressure"} 0.000243844
node_scrape_collector_duration_seconds{collector="rapl"} 6.4072e-05
node_scrape_collector_duration_seconds{collector="schedstat"} 0.000133085
node_scrape_collector_duration_seconds{collector="selinux"} 1.1309e-05
node_scrape_collector_duration_seconds{collector="sockstat"} 0.0002015
node_scrape_collector_duration_seconds{collector="softnet"} 0.020944163
node_scrape_collector_duration_seconds{collector="stat"} 0.000206394
node_scrape_collector_duration_seconds{collector="tapestats"} 3.7156e-05
node_scrape_collector_duration_seconds{collector="textfile"} 2.3711e-05
node_scrape_collector_duration_seconds{collector="thermal_zone"} 0.000683934
node_scrape_collector_duration_seconds{collector="time"} 0.000227878
node_scrape_collector_duration_seconds{collector="timex"} 3.8765e-05
node_scrape_collector_duration_seconds{collector="udp_queues"} 0.000317583
node_scrape_collector_duration_seconds{collector="uname"} 2.6022e-05
node_scrape_collector_duration_seconds{collector="vmstat"} 0.020669205
node_scrape_collector_duration_seconds{collector="watchdog"} 3.3703e-05
node_scrape_collector_duration_seconds{collector="xfs"} 2.1877e-05
node_scrape_collector_duration_seconds{collector="zfs"} 2.1227e-05
# HELP node_scrape_collector_success node_exporter: Whether a collector succeeded.
# TYPE node_scrape_collector_success gauge
node_scrape_collector_success{collector="arp"} 1
node_scrape_collector_success{collector="bcache"} 1
node_scrape_collector_success{collector="bonding"} 0
node_scrape_collector_success{collector="btrfs"} 1
node_scrape_collector_success{collector="conntrack"} 0
node_scrape_collector_success{collector="cpu"} 1
node_scrape_collector_success{collector="cpufreq"} 1
node_scrape_collector_success{collector="diskstats"} 1
node_scrape_collector_success{collector="dmi"} 1
node_scrape_collector_success{collector="edac"} 1
node_scrape_collector_success{collector="entropy"} 1
node_scrape_collector_success{collector="fibrechannel"} 0
node_scrape_collector_success{collector="filefd"} 1
node_scrape_collector_success{collector="filesystem"} 1
node_scrape_collector_success{collector="hwmon"} 1
node_scrape_collector_success{collector="infiniband"} 0
node_scrape_collector_success{collector="ipvs"} 0
node_scrape_collector_success{collector="loadavg"} 1
node_scrape_collector_success{collector="mdadm"} 1
node_scrape_collector_success{collector="meminfo"} 1
node_scrape_collector_success{collector="netclass"} 1
node_scrape_collector_success{collector="netdev"} 1
node_scrape_collector_success{collector="netstat"} 1
node_scrape_collector_success{collector="nfs"} 0
node_scrape_collector_success{collector="nfsd"} 0
node_scrape_collector_success{collector="nvme"} 0
node_scrape_collector_success{collector="os"} 1
node_scrape_collector_success{collector="powersupplyclass"} 1
node_scrape_collector_success{collector="pressure"} 1
node_scrape_collector_success{collector="rapl"} 1
node_scrape_collector_success{collector="schedstat"} 1
node_scrape_collector_success{collector="selinux"} 1
node_scrape_collector_success{collector="sockstat"} 1
node_scrape_collector_success{collector="softnet"} 1
node_scrape_collector_success{collector="stat"} 1
node_scrape_collector_success{collector="tapestats"} 0
node_scrape_collector_success{collector="textfile"} 1
node_scrape_collector_success{collector="thermal_zone"} 1
node_scrape_collector_success{collector="time"} 1
node_scrape_collector_success{collector="timex"} 1
node_scrape_collector_success{collector="udp_queues"} 1
node_scrape_collector_success{collector="uname"} 1
node_scrape_collector_success{collector="vmstat"} 1
node_scrape_collector_success{collector="watchdog"} 1
node_scrape_collector_success{collector="xfs"} 1
node_scrape_collector_success{collector="zfs"} 0
# HELP node_selinux_enabled SELinux is enabled, 1 is true, 0 is false
# TYPE node_selinux_enabled gauge
node_selinux_enabled 0
# HELP node_sockstat_FRAG6_inuse Number of FRAG6 sockets in state inuse.
# TYPE node_sockstat_FRAG6_inuse gauge
node_sockstat_FRAG6_inuse 0
# HELP node_sockstat_FRAG6_memory Number of FRAG6 sockets in state memory.
# TYPE node_sockstat_FRAG6_memory gauge
node_sockstat_FRAG6_memory 0
# HELP node_sockstat_FRAG_inuse Number of FRAG sockets in state inuse.
# TYPE node_sockstat_FRAG_inuse gauge
node_sockstat_FRAG_inuse 0
# HELP node_sockstat_FRAG_memory Number of FRAG sockets in state memory.
# TYPE node_sockstat_FRAG_memory gauge
node_sockstat_FRAG_memory 0
# HELP node_sockstat_RAW6_inuse Number of RAW6 sockets in state inuse.
# TYPE node_sockstat_RAW6_inuse gauge
node_sockstat_RAW6_inuse 1
# HELP node_sockstat_RAW_inuse Number of RAW sockets in state inuse.
# TYPE node_sockstat_RAW_inuse gauge
node_sockstat_RAW_inuse 0
# HELP node_sockstat_TCP6_inuse Number of TCP6 sockets in state inuse.
# TYPE node_sockstat_TCP6_inuse gauge
node_sockstat_TCP6_inuse 11
# HELP node_sockstat_TCP_alloc Number of TCP sockets in state alloc.
# TYPE node_sockstat_TCP_alloc gauge
node_sockstat_TCP_alloc 25
# HELP node_sockstat_TCP_inuse Number of TCP sockets in state inuse.
# TYPE node_sockstat_TCP_inuse gauge
node_sockstat_TCP_inuse 14
# HELP node_sockstat_TCP_mem Number of TCP sockets in state mem.
# TYPE node_sockstat_TCP_mem gauge
node_sockstat_TCP_mem 5
# HELP node_sockstat_TCP_mem_bytes Number of TCP sockets in state mem_bytes.
# TYPE node_sockstat_TCP_mem_bytes gauge
node_sockstat_TCP_mem_bytes 20480
# HELP node_sockstat_TCP_orphan Number of TCP sockets in state orphan.
# TYPE node_sockstat_TCP_orphan gauge
node_sockstat_TCP_orphan 0
# HELP node_sockstat_TCP_tw Number of TCP sockets in state tw.
# TYPE node_sockstat_TCP_tw gauge
node_sockstat_TCP_tw 0
# HELP node_sockstat_UDP6_inuse Number of UDP6 sockets in state inuse.
# TYPE node_sockstat_UDP6_inuse gauge
node_sockstat_UDP6_inuse 5
# HELP node_sockstat_UDPLITE6_inuse Number of UDPLITE6 sockets in state inuse.
# TYPE node_sockstat_UDPLITE6_inuse gauge
node_sockstat_UDPLITE6_inuse 0
# HELP node_sockstat_UDPLITE_inuse Number of UDPLITE sockets in state inuse.
# TYPE node_sockstat_UDPLITE_inuse gauge
node_sockstat_UDPLITE_inuse 0
# HELP node_sockstat_UDP_inuse Number of UDP sockets in state inuse.
# TYPE node_sockstat_UDP_inuse gauge
node_sockstat_UDP_inuse 6
# HELP node_sockstat_UDP_mem Number of UDP sockets in state mem.
# TYPE node_sockstat_UDP_mem gauge
node_sockstat_UDP_mem 2
# HELP node_sockstat_UDP_mem_bytes Number of UDP sockets in state mem_bytes.
# TYPE node_sockstat_UDP_mem_bytes gauge
node_sockstat_UDP_mem_bytes 8192
# HELP node_sockstat_sockets_used Number of IPv4 sockets in use.
# TYPE node_sockstat_sockets_used gauge
node_sockstat_sockets_used 339
# HELP node_softnet_backlog_len Softnet backlog status
# TYPE node_softnet_backlog_len gauge
node_softnet_backlog_len{cpu="0"} 0
node_softnet_backlog_len{cpu="1"} 0
node_softnet_backlog_len{cpu="2"} 0
node_softnet_backlog_len{cpu="3"} 0
# HELP node_softnet_cpu_collision_total Number of collision occur while obtaining device lock while transmitting
# TYPE node_softnet_cpu_collision_total counter
node_softnet_cpu_collision_total{cpu="0"} 0
node_softnet_cpu_collision_total{cpu="1"} 0
node_softnet_cpu_collision_total{cpu="2"} 0
node_softnet_cpu_collision_total{cpu="3"} 0
# HELP node_softnet_dropped_total Number of dropped packets
# TYPE node_softnet_dropped_total counter
node_softnet_dropped_total{cpu="0"} 0
node_softnet_dropped_total{cpu="1"} 0
node_softnet_dropped_total{cpu="2"} 0
node_softnet_dropped_total{cpu="3"} 0
# HELP node_softnet_flow_limit_count_total Number of times flow limit has been reached
# TYPE node_softnet_flow_limit_count_total counter
node_softnet_flow_limit_count_total{cpu="0"} 0
node_softnet_flow_limit_count_total{cpu="1"} 0
node_softnet_flow_limit_count_total{cpu="2"} 0
node_softnet_flow_limit_count_total{cpu="3"} 0
# HELP node_softnet_processed_total Number of processed packets
# TYPE node_softnet_processed_total counter
node_softnet_processed_total{cpu="0"} 52474
node_softnet_processed_total{cpu="1"} 292626
node_softnet_processed_total{cpu="2"} 118186
node_softnet_processed_total{cpu="3"} 79792
# HELP node_softnet_received_rps_total Number of times cpu woken up received_rps
# TYPE node_softnet_received_rps_total counter
node_softnet_received_rps_total{cpu="0"} 0
node_softnet_received_rps_total{cpu="1"} 0
node_softnet_received_rps_total{cpu="2"} 0
node_softnet_received_rps_total{cpu="3"} 0
# HELP node_softnet_times_squeezed_total Number of times processing packets ran out of quota
# TYPE node_softnet_times_squeezed_total counter
node_softnet_times_squeezed_total{cpu="0"} 0
node_softnet_times_squeezed_total{cpu="1"} 1
node_softnet_times_squeezed_total{cpu="2"} 1
node_softnet_times_squeezed_total{cpu="3"} 0
# HELP node_textfile_scrape_error 1 if there was an error opening or reading a file, 0 otherwise
# TYPE node_textfile_scrape_error gauge
node_textfile_scrape_error 0
# HELP node_time_clocksource_available_info Available clocksources read from '/sys/devices/system/clocksource'.
# TYPE node_time_clocksource_available_info gauge
node_time_clocksource_available_info{clocksource="acpi_pm",device="0"} 1
node_time_clocksource_available_info{clocksource="hpet",device="0"} 1
node_time_clocksource_available_info{clocksource="tsc",device="0"} 1
# HELP node_time_clocksource_current_info Current clocksource read from '/sys/devices/system/clocksource'.
# TYPE node_time_clocksource_current_info gauge
node_time_clocksource_current_info{clocksource="tsc",device="0"} 1
# HELP node_time_seconds System time in seconds since epoch (1970).
# TYPE node_time_seconds gauge
node_time_seconds 1.7565932629208121e+09
# HELP node_time_zone_offset_seconds System time zone offset in seconds.
# TYPE node_time_zone_offset_seconds gauge
node_time_zone_offset_seconds{time_zone="UTC"} 0
# HELP node_timex_estimated_error_seconds Estimated error in seconds.
# TYPE node_timex_estimated_error_seconds gauge
node_timex_estimated_error_seconds 0.000224
# HELP node_timex_frequency_adjustment_ratio Local clock frequency adjustment.
# TYPE node_timex_frequency_adjustment_ratio gauge
node_timex_frequency_adjustment_ratio 0.9999770332489014
# HELP node_timex_loop_time_constant Phase-locked loop time constant.
# TYPE node_timex_loop_time_constant gauge
node_timex_loop_time_constant 10
# HELP node_timex_maxerror_seconds Maximum error in seconds.
# TYPE node_timex_maxerror_seconds gauge
node_timex_maxerror_seconds 0.838759
# HELP node_timex_offset_seconds Time offset in between local system and reference clock.
# TYPE node_timex_offset_seconds gauge
node_timex_offset_seconds 3.1622e-05
# HELP node_timex_pps_calibration_total Pulse per second count of calibration intervals.
# TYPE node_timex_pps_calibration_total counter
node_timex_pps_calibration_total 0
# HELP node_timex_pps_error_total Pulse per second count of calibration errors.
# TYPE node_timex_pps_error_total counter
node_timex_pps_error_total 0
# HELP node_timex_pps_frequency_hertz Pulse per second frequency.
# TYPE node_timex_pps_frequency_hertz gauge
node_timex_pps_frequency_hertz 0
# HELP node_timex_pps_jitter_seconds Pulse per second jitter.
# TYPE node_timex_pps_jitter_seconds gauge
node_timex_pps_jitter_seconds 0
# HELP node_timex_pps_jitter_total Pulse per second count of jitter limit exceeded events.
# TYPE node_timex_pps_jitter_total counter
node_timex_pps_jitter_total 0
# HELP node_timex_pps_shift_seconds Pulse per second interval duration.
# TYPE node_timex_pps_shift_seconds gauge
node_timex_pps_shift_seconds 0
# HELP node_timex_pps_stability_exceeded_total Pulse per second count of stability limit exceeded events.
# TYPE node_timex_pps_stability_exceeded_total counter
node_timex_pps_stability_exceeded_total 0
# HELP node_timex_pps_stability_hertz Pulse per second stability, average of recent frequency changes.
# TYPE node_timex_pps_stability_hertz gauge
node_timex_pps_stability_hertz 0
# HELP node_timex_status Value of the status array bits.
# TYPE node_timex_status gauge
node_timex_status 24577
# HELP node_timex_sync_status Is clock synchronized to a reliable server (1 = yes, 0 = no).
# TYPE node_timex_sync_status gauge
node_timex_sync_status 1
# HELP node_timex_tai_offset_seconds International Atomic Time (TAI) offset.
# TYPE node_timex_tai_offset_seconds gauge
node_timex_tai_offset_seconds 37
# HELP node_timex_tick_seconds Seconds between clock ticks.
# TYPE node_timex_tick_seconds gauge
node_timex_tick_seconds 0.01
# HELP node_udp_queues Number of allocated memory in the kernel for UDP datagrams in bytes.
# TYPE node_udp_queues gauge
node_udp_queues{ip="v4",queue="rx"} 0
node_udp_queues{ip="v4",queue="tx"} 0
node_udp_queues{ip="v6",queue="rx"} 0
node_udp_queues{ip="v6",queue="tx"} 0
# HELP node_uname_info Labeled system information as provided by the uname system call.
# TYPE node_uname_info gauge
node_uname_info{domainname="(none)",machine="x86_64",nodename="lnx-ext-lab3",release="5.15.0-153-generic",sysname="Linux",version="#163-Ubuntu SMP Thu Aug 7 16:37:18 UTC 2025"} 1
# HELP node_vmstat_oom_kill /proc/vmstat information field oom_kill.
# TYPE node_vmstat_oom_kill untyped
node_vmstat_oom_kill 0
# HELP node_vmstat_pgfault /proc/vmstat information field pgfault.
# TYPE node_vmstat_pgfault untyped
node_vmstat_pgfault 8.481283e+06
# HELP node_vmstat_pgmajfault /proc/vmstat information field pgmajfault.
# TYPE node_vmstat_pgmajfault untyped
node_vmstat_pgmajfault 7271
# HELP node_vmstat_pgpgin /proc/vmstat information field pgpgin.
# TYPE node_vmstat_pgpgin untyped
node_vmstat_pgpgin 1.320634e+06
# HELP node_vmstat_pgpgout /proc/vmstat information field pgpgout.
# TYPE node_vmstat_pgpgout untyped
node_vmstat_pgpgout 8.238536e+06
# HELP node_vmstat_pswpin /proc/vmstat information field pswpin.
# TYPE node_vmstat_pswpin untyped
node_vmstat_pswpin 1
# HELP node_vmstat_pswpout /proc/vmstat information field pswpout.
# TYPE node_vmstat_pswpout untyped
node_vmstat_pswpout 272
# HELP process_cpu_seconds_total Total user and system CPU time spent in seconds.
# TYPE process_cpu_seconds_total counter
process_cpu_seconds_total 2.96
# HELP process_max_fds Maximum number of open file descriptors.
# TYPE process_max_fds gauge
process_max_fds 1.048576e+06
# HELP process_network_receive_bytes_total Number of bytes received by the process over the network.
# TYPE process_network_receive_bytes_total counter
process_network_receive_bytes_total 9.95036829e+08
# HELP process_network_transmit_bytes_total Number of bytes sent by the process over the network.
# TYPE process_network_transmit_bytes_total counter
process_network_transmit_bytes_total 1.50860923e+08
# HELP process_open_fds Number of open file descriptors.
# TYPE process_open_fds gauge
process_open_fds 9
# HELP process_resident_memory_bytes Resident memory size in bytes.
# TYPE process_resident_memory_bytes gauge
process_resident_memory_bytes 2.0590592e+07
# HELP process_start_time_seconds Start time of the process since unix epoch in seconds.
# TYPE process_start_time_seconds gauge
process_start_time_seconds 1.75659210518e+09
# HELP process_virtual_memory_bytes Virtual memory size in bytes.
# TYPE process_virtual_memory_bytes gauge
process_virtual_memory_bytes 1.272098816e+09
# HELP process_virtual_memory_max_bytes Maximum amount of virtual memory available in bytes.
# TYPE process_virtual_memory_max_bytes gauge
process_virtual_memory_max_bytes 1.8446744073709552e+19
# HELP promhttp_metric_handler_errors_total Total number of internal errors encountered by the promhttp metric handler.
# TYPE promhttp_metric_handler_errors_total counter
promhttp_metric_handler_errors_total{cause="encoding"} 0
promhttp_metric_handler_errors_total{cause="gathering"} 0
# HELP promhttp_metric_handler_requests_in_flight Current number of scrapes being served.
# TYPE promhttp_metric_handler_requests_in_flight gauge
promhttp_metric_handler_requests_in_flight 1
# HELP promhttp_metric_handler_requests_total Total number of scrapes by HTTP status code.
# TYPE promhttp_metric_handler_requests_total counter
promhttp_metric_handler_requests_total{code="200"} 78
promhttp_metric_handler_requests_total{code="500"} 0
promhttp_metric_handler_requests_total{code="503"} 0
